2023-05-20 21:18:11,286 INFO (Version.java:21)- HV000001: Hibernate Validator 8.0.0.Final
2023-05-20 21:18:11,372 INFO (StartupInfoLogger.java:51)- Starting NovelRewriteApplication using Java 17.0.6 with PID 33956 (F:\code_work\java_code\novel_rewrite\target\classes started by 27157 in F:\code_work\java_code\novel_rewrite)
2023-05-20 21:18:11,373 INFO (SpringApplication.java:638)- The following 1 profile is active: "dev"
2023-05-20 21:18:13,710 INFO (RepositoryConfigurationDelegate.java:291)- Multiple Spring Data modules found, entering strict repository configuration mode
2023-05-20 21:18:13,714 INFO (RepositoryConfigurationDelegate.java:138)- Bootstrapping Spring Data Redis repositories in DEFAULT mode.
2023-05-20 21:18:13,756 INFO (RepositoryConfigurationDelegate.java:208)- Finished Spring Data repository scanning in 21 ms. Found 0 Redis repository interfaces.
2023-05-20 21:18:13,919 WARN (Logger.java:44)- No MyBatis mapper was found in '[io.github.yeyuhl.novel]' package. Please check your configuration.
2023-05-20 21:18:14,638 WARN (Bootstrap.java:68)- UT026010: Buffer pool was not set on WebSocketDeploymentInfo, the default pool will be used
2023-05-20 21:18:14,658 INFO (ServletContextImpl.java:372)- Initializing Spring embedded WebApplicationContext
2023-05-20 21:18:14,658 INFO (ServletWebServerApplicationContext.java:291)- Root WebApplicationContext: initialization completed in 3232 ms
2023-05-20 21:18:14,867 WARN (AbstractApplicationContext.java:616)- Exception encountered during context initialization - cancelling refresh attempt: org.springframework.beans.factory.UnsatisfiedDependencyException: Error creating bean with name 'authorController' defined in file [F:\code_work\java_code\novel_rewrite\target\classes\io\github\yeyuhl\novel\controller\author\AuthorController.class]: Unsatisfied dependency expressed through constructor parameter 0: Error creating bean with name 'authorServiceImpl' defined in file [F:\code_work\java_code\novel_rewrite\target\classes\io\github\yeyuhl\novel\service\impl\AuthorServiceImpl.class]: Unsatisfied dependency expressed through constructor parameter 0: Error creating bean with name 'authorInfoCacheManager' defined in file [F:\code_work\java_code\novel_rewrite\target\classes\io\github\yeyuhl\novel\manager\cache\AuthorInfoCacheManager.class]: Unsatisfied dependency expressed through constructor parameter 0: No qualifying bean of type 'io.github.yeyuhl.novel.dao.mapper.AuthorInfoMapper' available: expected at least 1 bean which qualifies as autowire candidate. Dependency annotations: {}
2023-05-20 21:18:14,902 INFO (ConditionEvaluationReportLogger.java:82)- 

Error starting ApplicationContext. To display the condition evaluation report re-run your application with 'debug' enabled.
2023-05-20 21:18:14,919 ERROR (LoggingFailureAnalysisReporter.java:40)- 

***************************
APPLICATION FAILED TO START
***************************

Description:

Parameter 0 of constructor in io.github.yeyuhl.novel.manager.cache.AuthorInfoCacheManager required a bean of type 'io.github.yeyuhl.novel.dao.mapper.AuthorInfoMapper' that could not be found.


Action:

Consider defining a bean of type 'io.github.yeyuhl.novel.dao.mapper.AuthorInfoMapper' in your configuration.

2023-05-20 21:20:12,357 INFO (Version.java:21)- HV000001: Hibernate Validator 8.0.0.Final
2023-05-20 21:20:12,382 INFO (StartupInfoLogger.java:51)- Starting NovelRewriteApplication using Java 17.0.6 with PID 33840 (F:\code_work\java_code\novel_rewrite\target\classes started by 27157 in F:\code_work\java_code\novel_rewrite)
2023-05-20 21:20:12,383 INFO (SpringApplication.java:638)- The following 1 profile is active: "dev"
2023-05-20 21:20:13,599 INFO (RepositoryConfigurationDelegate.java:291)- Multiple Spring Data modules found, entering strict repository configuration mode
2023-05-20 21:20:13,601 INFO (RepositoryConfigurationDelegate.java:138)- Bootstrapping Spring Data Redis repositories in DEFAULT mode.
2023-05-20 21:20:13,643 INFO (RepositoryConfigurationDelegate.java:208)- Finished Spring Data repository scanning in 24 ms. Found 0 Redis repository interfaces.
2023-05-20 21:20:14,251 WARN (Bootstrap.java:68)- UT026010: Buffer pool was not set on WebSocketDeploymentInfo, the default pool will be used
2023-05-20 21:20:14,264 INFO (ServletContextImpl.java:372)- Initializing Spring embedded WebApplicationContext
2023-05-20 21:20:14,265 INFO (ServletWebServerApplicationContext.java:291)- Root WebApplicationContext: initialization completed in 1837 ms
2023-05-20 21:20:16,381 INFO (Version.java:41)- Redisson 3.19.1
2023-05-20 21:20:16,730 INFO (ConnectionPool.java:162)- 1 connections initialized for 127.0.0.1/127.0.0.1:6379
2023-05-20 21:20:16,772 INFO (ConnectionPool.java:162)- 24 connections initialized for 127.0.0.1/127.0.0.1:6379
2023-05-20 21:20:17,579 INFO (DefaultSecurityFilterChain.java:54)- Will secure EndpointRequestMatcher includes=[*], excludes=[], includeLinks=true with [org.springframework.security.web.session.DisableEncodeUrlFilter@57d7c511, org.springframework.security.web.context.request.async.WebAsyncManagerIntegrationFilter@811d8d6, org.springframework.security.web.context.SecurityContextHolderFilter@50aa9a91, org.springframework.security.web.header.HeaderWriterFilter@5bfdabf3, org.springframework.security.web.authentication.logout.LogoutFilter@7e58b0f6, org.springframework.security.web.authentication.www.BasicAuthenticationFilter@11771fd6, org.springframework.security.web.savedrequest.RequestCacheAwareFilter@4efa7d2f, org.springframework.security.web.servletapi.SecurityContextHolderAwareRequestFilter@2bed5828, org.springframework.security.web.authentication.AnonymousAuthenticationFilter@7f57a7a4, org.springframework.security.web.access.ExceptionTranslationFilter@627a890f, org.springframework.security.web.access.intercept.AuthorizationFilter@16b2d182]
2023-05-20 21:20:19,225 INFO (EndpointLinksResolver.java:58)- Exposing 14 endpoint(s) beneath base path '/actuator'
2023-05-20 21:20:19,301 WARN (LocalVariableTableParameterNameDiscoverer.java:123)- Using deprecated '-debug' fallback for parameter name resolution. Compile the affected code with '-parameters' instead or avoid its introspection: org.springframework.amqp.rabbit.core.RabbitAdmin
2023-05-20 21:20:19,323 INFO (Undertow.java:120)- starting server: Undertow - 2.3.6.Final
2023-05-20 21:20:19,328 INFO (Xnio.java:95)- XNIO version 3.8.8.Final
2023-05-20 21:20:19,333 INFO (NioXnio.java:58)- XNIO NIO Implementation Version 3.8.8.Final
2023-05-20 21:20:19,351 INFO (Version.java:55)- JBoss Threads version 3.5.0.Final
2023-05-20 21:20:19,407 INFO (UndertowWebServer.java:121)- Undertow started on port(s) 8888 (http)
2023-05-20 21:20:19,423 INFO (StartupInfoLogger.java:57)- Started NovelRewriteApplication in 7.539 seconds (process running for 8.038)
2023-05-20 21:20:19,425 INFO (NovelRewriteApplication.java:34)- 加载了如下缓存管理器：
2023-05-20 21:20:19,426 INFO (NovelRewriteApplication.java:36)- caffeineCacheManager:org.springframework.cache.support.SimpleCacheManager
2023-05-20 21:20:19,426 INFO (NovelRewriteApplication.java:37)- 缓存：[homeBookCache, latestNewsCache, bookNewestRankCache, bookUpdateRankCache, bookCategoryListCache, bookInfoCache, bookChapterCache, lastUpdateBookIdListCache]
2023-05-20 21:20:19,427 INFO (NovelRewriteApplication.java:36)- redisCacheManager:org.springframework.data.redis.cache.RedisCacheManager
2023-05-20 21:20:19,427 INFO (NovelRewriteApplication.java:37)- 缓存：[bookVisitRankCache, homeFriendLinkCache, bookContentCache, userInfoCache, authorInfoCache]
2023-05-20 21:20:19,574 INFO (HikariDataSource.java:110)- HikariPool-1 - Starting...
2023-05-20 21:20:19,731 INFO (HikariPool.java:565)- HikariPool-1 - Added connection com.mysql.cj.jdbc.ConnectionImpl@5e54ff98
2023-05-20 21:20:19,739 INFO (HikariDataSource.java:123)- HikariPool-1 - Start completed.
2023-05-20 21:20:34,655 INFO (ServletContextImpl.java:372)- Initializing Spring DispatcherServlet 'dispatcherServlet'
2023-05-20 21:20:34,656 INFO (FrameworkServlet.java:532)- Initializing Servlet 'dispatcherServlet'
2023-05-20 21:20:34,658 INFO (FrameworkServlet.java:554)- Completed initialization in 2 ms
2023-05-20 21:20:35,160 INFO (FlowLimitInterceptor.java:84)- IP:127.0.0.1被限流了！
2023-05-20 21:20:35,160 INFO (FlowLimitInterceptor.java:84)- IP:127.0.0.1被限流了！
2023-05-20 21:20:35,160 INFO (FlowLimitInterceptor.java:84)- IP:127.0.0.1被限流了！
2023-05-20 21:20:35,160 INFO (FlowLimitInterceptor.java:84)- IP:127.0.0.1被限流了！
2023-05-20 21:20:44,481 INFO (Undertow.java:259)- stopping server: Undertow - 2.3.6.Final
2023-05-20 21:20:44,485 INFO (ServletContextImpl.java:372)- Destroying Spring FrameworkServlet 'dispatcherServlet'
2023-05-20 21:20:44,509 INFO (HikariDataSource.java:350)- HikariPool-1 - Shutdown initiated...
2023-05-20 21:20:44,514 INFO (HikariDataSource.java:352)- HikariPool-1 - Shutdown completed.
