2023-05-21 16:56:49,442 INFO (Version.java:21)- HV000001: Hibernate Validator 8.0.0.Final
2023-05-21 16:56:49,593 INFO (StartupInfoLogger.java:51)- Starting NovelRewriteApplication using Java 17.0.6 with PID 26400 (F:\code_work\java_code\novel_rewrite\target\classes started by 27157 in F:\code_work\java_code\novel_rewrite)
2023-05-21 16:56:49,595 INFO (SpringApplication.java:638)- The following 1 profile is active: "dev"
2023-05-21 16:56:55,299 INFO (RepositoryConfigurationDelegate.java:291)- Multiple Spring Data modules found, entering strict repository configuration mode
2023-05-21 16:56:55,302 INFO (RepositoryConfigurationDelegate.java:138)- Bootstrapping Spring Data Redis repositories in DEFAULT mode.
2023-05-21 16:56:55,509 INFO (RepositoryConfigurationDelegate.java:208)- Finished Spring Data repository scanning in 100 ms. Found 0 Redis repository interfaces.
2023-05-21 16:56:57,765 WARN (Bootstrap.java:68)- UT026010: Buffer pool was not set on WebSocketDeploymentInfo, the default pool will be used
2023-05-21 16:56:57,811 INFO (ServletContextImpl.java:372)- Initializing Spring embedded WebApplicationContext
2023-05-21 16:56:57,811 INFO (ServletWebServerApplicationContext.java:291)- Root WebApplicationContext: initialization completed in 7951 ms
2023-05-21 16:57:00,852 INFO (Version.java:41)- Redisson 3.19.1
2023-05-21 16:57:01,586 INFO (ConnectionPool.java:162)- 1 connections initialized for 127.0.0.1/127.0.0.1:6379
2023-05-21 16:57:01,633 INFO (ConnectionPool.java:162)- 24 connections initialized for 127.0.0.1/127.0.0.1:6379
2023-05-21 16:57:03,114 INFO (DefaultSecurityFilterChain.java:54)- Will secure EndpointRequestMatcher includes=[*], excludes=[], includeLinks=true with [org.springframework.security.web.session.DisableEncodeUrlFilter@4efa7d2f, org.springframework.security.web.context.request.async.WebAsyncManagerIntegrationFilter@24bba1b7, org.springframework.security.web.context.SecurityContextHolderFilter@1a56f608, org.springframework.security.web.header.HeaderWriterFilter@1574f323, org.springframework.security.web.authentication.logout.LogoutFilter@123426a9, org.springframework.security.web.authentication.www.BasicAuthenticationFilter@1a1e38ab, org.springframework.security.web.savedrequest.RequestCacheAwareFilter@b9c9bf5, org.springframework.security.web.servletapi.SecurityContextHolderAwareRequestFilter@1e2c0292, org.springframework.security.web.authentication.AnonymousAuthenticationFilter@2041c9a3, org.springframework.security.web.access.ExceptionTranslationFilter@3777fc44, org.springframework.security.web.access.intercept.AuthorizationFilter@51eafec0]
2023-05-21 16:57:05,869 INFO (EndpointLinksResolver.java:58)- Exposing 14 endpoint(s) beneath base path '/actuator'
2023-05-21 16:57:06,001 WARN (LocalVariableTableParameterNameDiscoverer.java:123)- Using deprecated '-debug' fallback for parameter name resolution. Compile the affected code with '-parameters' instead or avoid its introspection: org.springframework.amqp.rabbit.core.RabbitAdmin
2023-05-21 16:57:06,099 INFO (Undertow.java:120)- starting server: Undertow - 2.3.6.Final
2023-05-21 16:57:06,146 INFO (Xnio.java:95)- XNIO version 3.8.8.Final
2023-05-21 16:57:06,208 INFO (NioXnio.java:58)- XNIO NIO Implementation Version 3.8.8.Final
2023-05-21 16:57:06,284 INFO (Version.java:55)- JBoss Threads version 3.5.0.Final
2023-05-21 16:57:06,476 INFO (UndertowWebServer.java:121)- Undertow started on port(s) 8888 (http)
2023-05-21 16:57:06,507 INFO (StartupInfoLogger.java:57)- Started NovelRewriteApplication in 19.043 seconds (process running for 20.757)
2023-05-21 16:57:06,509 INFO (NovelRewriteApplication.java:40)- 加载了如下缓存管理器：
2023-05-21 16:57:06,510 INFO (NovelRewriteApplication.java:42)- caffeineCacheManager:org.springframework.cache.support.SimpleCacheManager
2023-05-21 16:57:06,510 INFO (NovelRewriteApplication.java:43)- 缓存：[homeBookCache, latestNewsCache, bookNewestRankCache, bookUpdateRankCache, bookCategoryListCache, bookInfoCache, bookChapterCache, lastUpdateBookIdListCache]
2023-05-21 16:57:06,510 INFO (NovelRewriteApplication.java:42)- redisCacheManager:org.springframework.data.redis.cache.RedisCacheManager
2023-05-21 16:57:06,510 INFO (NovelRewriteApplication.java:43)- 缓存：[bookVisitRankCache, homeFriendLinkCache, bookContentCache, userInfoCache, authorInfoCache]
2023-05-21 16:57:06,848 INFO (HikariDataSource.java:110)- HikariPool-1 - Starting...
2023-05-21 16:57:07,195 INFO (HikariPool.java:565)- HikariPool-1 - Added connection com.mysql.cj.jdbc.ConnectionImpl@446e000d
2023-05-21 16:57:07,220 INFO (HikariDataSource.java:123)- HikariPool-1 - Start completed.
2023-05-21 16:58:24,359 INFO (ServletContextImpl.java:372)- Initializing Spring DispatcherServlet 'dispatcherServlet'
2023-05-21 16:58:24,360 INFO (FrameworkServlet.java:532)- Initializing Servlet 'dispatcherServlet'
2023-05-21 16:58:24,362 INFO (FrameworkServlet.java:554)- Completed initialization in 2 ms
2023-05-21 16:58:25,174 INFO (FlowLimitInterceptor.java:87)- IP:127.0.0.1被限流了！
2023-05-21 16:58:25,174 INFO (FlowLimitInterceptor.java:87)- IP:127.0.0.1被限流了！
2023-05-21 16:58:25,174 INFO (FlowLimitInterceptor.java:87)- IP:127.0.0.1被限流了！
2023-05-21 16:58:25,174 INFO (FlowLimitInterceptor.java:87)- IP:127.0.0.1被限流了！
2023-05-21 16:58:50,232 INFO (FlowLimitInterceptor.java:87)- IP:127.0.0.1被限流了！
2023-05-21 16:58:50,233 INFO (FlowLimitInterceptor.java:87)- IP:127.0.0.1被限流了！
2023-05-21 16:58:50,233 INFO (FlowLimitInterceptor.java:87)- IP:127.0.0.1被限流了！
2023-05-21 16:58:50,233 INFO (FlowLimitInterceptor.java:87)- IP:127.0.0.1被限流了！
2023-05-21 16:59:00,962 INFO (FlowLimitInterceptor.java:87)- IP:127.0.0.1被限流了！
2023-05-21 16:59:00,975 INFO (FlowLimitInterceptor.java:87)- IP:127.0.0.1被限流了！
2023-05-21 16:59:00,975 INFO (FlowLimitInterceptor.java:87)- IP:127.0.0.1被限流了！
2023-05-21 16:59:07,235 INFO (FlowLimitInterceptor.java:87)- IP:127.0.0.1被限流了！
2023-05-21 16:59:07,236 INFO (FlowLimitInterceptor.java:87)- IP:127.0.0.1被限流了！
2023-05-21 16:59:53,115 INFO (FlowLimitInterceptor.java:87)- IP:127.0.0.1被限流了！
2023-05-21 16:59:53,115 INFO (FlowLimitInterceptor.java:87)- IP:127.0.0.1被限流了！
2023-05-21 17:00:06,405 INFO (Undertow.java:259)- stopping server: Undertow - 2.3.6.Final
2023-05-21 17:00:06,409 INFO (ServletContextImpl.java:372)- Destroying Spring FrameworkServlet 'dispatcherServlet'
2023-05-21 17:00:06,450 INFO (HikariDataSource.java:350)- HikariPool-1 - Shutdown initiated...
2023-05-21 17:00:06,457 INFO (HikariDataSource.java:352)- HikariPool-1 - Shutdown completed.
2023-05-21 20:20:41,087 INFO (Version.java:21)- HV000001: Hibernate Validator 8.0.0.Final
2023-05-21 20:20:41,117 INFO (StartupInfoLogger.java:51)- Starting NovelRewriteApplication using Java 17.0.6 with PID 26724 (F:\code_work\java_code\novel_rewrite\target\classes started by 27157 in F:\code_work\java_code\novel_rewrite)
2023-05-21 20:20:41,117 INFO (SpringApplication.java:638)- The following 1 profile is active: "dev"
2023-05-21 20:20:42,292 INFO (RepositoryConfigurationDelegate.java:291)- Multiple Spring Data modules found, entering strict repository configuration mode
2023-05-21 20:20:42,292 INFO (RepositoryConfigurationDelegate.java:138)- Bootstrapping Spring Data Redis repositories in DEFAULT mode.
2023-05-21 20:20:42,327 INFO (RepositoryConfigurationDelegate.java:208)- Finished Spring Data repository scanning in 24 ms. Found 0 Redis repository interfaces.
2023-05-21 20:20:42,957 WARN (Bootstrap.java:68)- UT026010: Buffer pool was not set on WebSocketDeploymentInfo, the default pool will be used
2023-05-21 20:20:42,972 INFO (ServletContextImpl.java:372)- Initializing Spring embedded WebApplicationContext
2023-05-21 20:20:42,972 INFO (ServletWebServerApplicationContext.java:291)- Root WebApplicationContext: initialization completed in 1809 ms
2023-05-21 20:20:44,427 INFO (Version.java:41)- Redisson 3.19.1
2023-05-21 20:20:44,677 WARN (AbstractApplicationContext.java:616)- Exception encountered during context initialization - cancelling refresh attempt: org.springframework.beans.factory.UnsatisfiedDependencyException: Error creating bean with name 'resourceController' defined in file [F:\code_work\java_code\novel_rewrite\target\classes\io\github\yeyuhl\novel\controller\front\ResourceController.class]: Unsatisfied dependency expressed through constructor parameter 0: Error creating bean with name 'resourceServiceImpl' defined in file [F:\code_work\java_code\novel_rewrite\target\classes\io\github\yeyuhl\novel\service\impl\ResourceServiceImpl.class]: Unsatisfied dependency expressed through constructor parameter 0: Error creating bean with name 'verifyCodeManager' defined in file [F:\code_work\java_code\novel_rewrite\target\classes\io\github\yeyuhl\novel\manager\redis\VerifyCodeManager.class]: Unsatisfied dependency expressed through constructor parameter 0: Error creating bean with name 'stringRedisTemplate' defined in class path resource [org/redisson/spring/starter/RedissonAutoConfiguration.class]: Unsatisfied dependency expressed through method 'stringRedisTemplate' parameter 0: Error creating bean with name 'redissonConnectionFactory' defined in class path resource [org/redisson/spring/starter/RedissonAutoConfiguration.class]: Unsatisfied dependency expressed through method 'redissonConnectionFactory' parameter 0: Error creating bean with name 'redisson' defined in class path resource [org/redisson/spring/starter/RedissonAutoConfiguration.class]: Failed to instantiate [org.redisson.api.RedissonClient]: Factory method 'redisson' threw exception with message: Unable to connect to Redis server: 127.0.0.1/127.0.0.1:6379
2023-05-21 20:20:44,687 INFO (ConditionEvaluationReportLogger.java:82)- 

Error starting ApplicationContext. To display the condition evaluation report re-run your application with 'debug' enabled.
2023-05-21 20:20:44,827 ERROR (SpringApplication.java:822)- Application run failed
org.springframework.beans.factory.UnsatisfiedDependencyException: Error creating bean with name 'resourceController' defined in file [F:\code_work\java_code\novel_rewrite\target\classes\io\github\yeyuhl\novel\controller\front\ResourceController.class]: Unsatisfied dependency expressed through constructor parameter 0: Error creating bean with name 'resourceServiceImpl' defined in file [F:\code_work\java_code\novel_rewrite\target\classes\io\github\yeyuhl\novel\service\impl\ResourceServiceImpl.class]: Unsatisfied dependency expressed through constructor parameter 0: Error creating bean with name 'verifyCodeManager' defined in file [F:\code_work\java_code\novel_rewrite\target\classes\io\github\yeyuhl\novel\manager\redis\VerifyCodeManager.class]: Unsatisfied dependency expressed through constructor parameter 0: Error creating bean with name 'stringRedisTemplate' defined in class path resource [org/redisson/spring/starter/RedissonAutoConfiguration.class]: Unsatisfied dependency expressed through method 'stringRedisTemplate' parameter 0: Error creating bean with name 'redissonConnectionFactory' defined in class path resource [org/redisson/spring/starter/RedissonAutoConfiguration.class]: Unsatisfied dependency expressed through method 'redissonConnectionFactory' parameter 0: Error creating bean with name 'redisson' defined in class path resource [org/redisson/spring/starter/RedissonAutoConfiguration.class]: Failed to instantiate [org.redisson.api.RedissonClient]: Factory method 'redisson' threw exception with message: Unable to connect to Redis server: 127.0.0.1/127.0.0.1:6379
	at org.springframework.beans.factory.support.ConstructorResolver.createArgumentArray(ConstructorResolver.java:800)
	at org.springframework.beans.factory.support.ConstructorResolver.autowireConstructor(ConstructorResolver.java:245)
	at org.springframework.beans.factory.support.AbstractAutowireCapableBeanFactory.autowireConstructor(AbstractAutowireCapableBeanFactory.java:1352)
	at org.springframework.beans.factory.support.AbstractAutowireCapableBeanFactory.createBeanInstance(AbstractAutowireCapableBeanFactory.java:1189)
	at org.springframework.beans.factory.support.AbstractAutowireCapableBeanFactory.doCreateBean(AbstractAutowireCapableBeanFactory.java:560)
	at org.springframework.beans.factory.support.AbstractAutowireCapableBeanFactory.createBean(AbstractAutowireCapableBeanFactory.java:520)
	at org.springframework.beans.factory.support.AbstractBeanFactory.lambda$doGetBean$0(AbstractBeanFactory.java:326)
	at org.springframework.beans.factory.support.DefaultSingletonBeanRegistry.getSingleton(DefaultSingletonBeanRegistry.java:234)
	at org.springframework.beans.factory.support.AbstractBeanFactory.doGetBean(AbstractBeanFactory.java:324)
	at org.springframework.beans.factory.support.AbstractBeanFactory.getBean(AbstractBeanFactory.java:200)
	at org.springframework.beans.factory.support.DefaultListableBeanFactory.preInstantiateSingletons(DefaultListableBeanFactory.java:973)
	at org.springframework.context.support.AbstractApplicationContext.finishBeanFactoryInitialization(AbstractApplicationContext.java:941)
	at org.springframework.context.support.AbstractApplicationContext.refresh(AbstractApplicationContext.java:608)
	at org.springframework.boot.web.servlet.context.ServletWebServerApplicationContext.refresh(ServletWebServerApplicationContext.java:146)
	at org.springframework.boot.SpringApplication.refresh(SpringApplication.java:732)
	at org.springframework.boot.SpringApplication.refreshContext(SpringApplication.java:434)
	at org.springframework.boot.SpringApplication.run(SpringApplication.java:310)
	at org.springframework.boot.SpringApplication.run(SpringApplication.java:1304)
	at org.springframework.boot.SpringApplication.run(SpringApplication.java:1293)
	at io.github.yeyuhl.novel.NovelRewriteApplication.main(NovelRewriteApplication.java:27)
Caused by: org.springframework.beans.factory.UnsatisfiedDependencyException: Error creating bean with name 'resourceServiceImpl' defined in file [F:\code_work\java_code\novel_rewrite\target\classes\io\github\yeyuhl\novel\service\impl\ResourceServiceImpl.class]: Unsatisfied dependency expressed through constructor parameter 0: Error creating bean with name 'verifyCodeManager' defined in file [F:\code_work\java_code\novel_rewrite\target\classes\io\github\yeyuhl\novel\manager\redis\VerifyCodeManager.class]: Unsatisfied dependency expressed through constructor parameter 0: Error creating bean with name 'stringRedisTemplate' defined in class path resource [org/redisson/spring/starter/RedissonAutoConfiguration.class]: Unsatisfied dependency expressed through method 'stringRedisTemplate' parameter 0: Error creating bean with name 'redissonConnectionFactory' defined in class path resource [org/redisson/spring/starter/RedissonAutoConfiguration.class]: Unsatisfied dependency expressed through method 'redissonConnectionFactory' parameter 0: Error creating bean with name 'redisson' defined in class path resource [org/redisson/spring/starter/RedissonAutoConfiguration.class]: Failed to instantiate [org.redisson.api.RedissonClient]: Factory method 'redisson' threw exception with message: Unable to connect to Redis server: 127.0.0.1/127.0.0.1:6379
	at org.springframework.beans.factory.support.ConstructorResolver.createArgumentArray(ConstructorResolver.java:800)
	at org.springframework.beans.factory.support.ConstructorResolver.autowireConstructor(ConstructorResolver.java:245)
	at org.springframework.beans.factory.support.AbstractAutowireCapableBeanFactory.autowireConstructor(AbstractAutowireCapableBeanFactory.java:1352)
	at org.springframework.beans.factory.support.AbstractAutowireCapableBeanFactory.createBeanInstance(AbstractAutowireCapableBeanFactory.java:1189)
	at org.springframework.beans.factory.support.AbstractAutowireCapableBeanFactory.doCreateBean(AbstractAutowireCapableBeanFactory.java:560)
	at org.springframework.beans.factory.support.AbstractAutowireCapableBeanFactory.createBean(AbstractAutowireCapableBeanFactory.java:520)
	at org.springframework.beans.factory.support.AbstractBeanFactory.lambda$doGetBean$0(AbstractBeanFactory.java:326)
	at org.springframework.beans.factory.support.DefaultSingletonBeanRegistry.getSingleton(DefaultSingletonBeanRegistry.java:234)
	at org.springframework.beans.factory.support.AbstractBeanFactory.doGetBean(AbstractBeanFactory.java:324)
	at org.springframework.beans.factory.support.AbstractBeanFactory.getBean(AbstractBeanFactory.java:200)
	at org.springframework.beans.factory.config.DependencyDescriptor.resolveCandidate(DependencyDescriptor.java:254)
	at org.springframework.beans.factory.support.DefaultListableBeanFactory.doResolveDependency(DefaultListableBeanFactory.java:1417)
	at org.springframework.beans.factory.support.DefaultListableBeanFactory.resolveDependency(DefaultListableBeanFactory.java:1337)
	at org.springframework.beans.factory.support.ConstructorResolver.resolveAutowiredArgument(ConstructorResolver.java:888)
	at org.springframework.beans.factory.support.ConstructorResolver.createArgumentArray(ConstructorResolver.java:791)
	... 19 common frames omitted
Caused by: org.springframework.beans.factory.UnsatisfiedDependencyException: Error creating bean with name 'verifyCodeManager' defined in file [F:\code_work\java_code\novel_rewrite\target\classes\io\github\yeyuhl\novel\manager\redis\VerifyCodeManager.class]: Unsatisfied dependency expressed through constructor parameter 0: Error creating bean with name 'stringRedisTemplate' defined in class path resource [org/redisson/spring/starter/RedissonAutoConfiguration.class]: Unsatisfied dependency expressed through method 'stringRedisTemplate' parameter 0: Error creating bean with name 'redissonConnectionFactory' defined in class path resource [org/redisson/spring/starter/RedissonAutoConfiguration.class]: Unsatisfied dependency expressed through method 'redissonConnectionFactory' parameter 0: Error creating bean with name 'redisson' defined in class path resource [org/redisson/spring/starter/RedissonAutoConfiguration.class]: Failed to instantiate [org.redisson.api.RedissonClient]: Factory method 'redisson' threw exception with message: Unable to connect to Redis server: 127.0.0.1/127.0.0.1:6379
	at org.springframework.beans.factory.support.ConstructorResolver.createArgumentArray(ConstructorResolver.java:800)
	at org.springframework.beans.factory.support.ConstructorResolver.autowireConstructor(ConstructorResolver.java:245)
	at org.springframework.beans.factory.support.AbstractAutowireCapableBeanFactory.autowireConstructor(AbstractAutowireCapableBeanFactory.java:1352)
	at org.springframework.beans.factory.support.AbstractAutowireCapableBeanFactory.createBeanInstance(AbstractAutowireCapableBeanFactory.java:1189)
	at org.springframework.beans.factory.support.AbstractAutowireCapableBeanFactory.doCreateBean(AbstractAutowireCapableBeanFactory.java:560)
	at org.springframework.beans.factory.support.AbstractAutowireCapableBeanFactory.createBean(AbstractAutowireCapableBeanFactory.java:520)
	at org.springframework.beans.factory.support.AbstractBeanFactory.lambda$doGetBean$0(AbstractBeanFactory.java:326)
	at org.springframework.beans.factory.support.DefaultSingletonBeanRegistry.getSingleton(DefaultSingletonBeanRegistry.java:234)
	at org.springframework.beans.factory.support.AbstractBeanFactory.doGetBean(AbstractBeanFactory.java:324)
	at org.springframework.beans.factory.support.AbstractBeanFactory.getBean(AbstractBeanFactory.java:200)
	at org.springframework.beans.factory.config.DependencyDescriptor.resolveCandidate(DependencyDescriptor.java:254)
	at org.springframework.beans.factory.support.DefaultListableBeanFactory.doResolveDependency(DefaultListableBeanFactory.java:1417)
	at org.springframework.beans.factory.support.DefaultListableBeanFactory.resolveDependency(DefaultListableBeanFactory.java:1337)
	at org.springframework.beans.factory.support.ConstructorResolver.resolveAutowiredArgument(ConstructorResolver.java:888)
	at org.springframework.beans.factory.support.ConstructorResolver.createArgumentArray(ConstructorResolver.java:791)
	... 33 common frames omitted
Caused by: org.springframework.beans.factory.UnsatisfiedDependencyException: Error creating bean with name 'stringRedisTemplate' defined in class path resource [org/redisson/spring/starter/RedissonAutoConfiguration.class]: Unsatisfied dependency expressed through method 'stringRedisTemplate' parameter 0: Error creating bean with name 'redissonConnectionFactory' defined in class path resource [org/redisson/spring/starter/RedissonAutoConfiguration.class]: Unsatisfied dependency expressed through method 'redissonConnectionFactory' parameter 0: Error creating bean with name 'redisson' defined in class path resource [org/redisson/spring/starter/RedissonAutoConfiguration.class]: Failed to instantiate [org.redisson.api.RedissonClient]: Factory method 'redisson' threw exception with message: Unable to connect to Redis server: 127.0.0.1/127.0.0.1:6379
	at org.springframework.beans.factory.support.ConstructorResolver.createArgumentArray(ConstructorResolver.java:800)
	at org.springframework.beans.factory.support.ConstructorResolver.instantiateUsingFactoryMethod(ConstructorResolver.java:550)
	at org.springframework.beans.factory.support.AbstractAutowireCapableBeanFactory.instantiateUsingFactoryMethod(AbstractAutowireCapableBeanFactory.java:1332)
	at org.springframework.beans.factory.support.AbstractAutowireCapableBeanFactory.createBeanInstance(AbstractAutowireCapableBeanFactory.java:1162)
	at org.springframework.beans.factory.support.AbstractAutowireCapableBeanFactory.doCreateBean(AbstractAutowireCapableBeanFactory.java:560)
	at org.springframework.beans.factory.support.AbstractAutowireCapableBeanFactory.createBean(AbstractAutowireCapableBeanFactory.java:520)
	at org.springframework.beans.factory.support.AbstractBeanFactory.lambda$doGetBean$0(AbstractBeanFactory.java:326)
	at org.springframework.beans.factory.support.DefaultSingletonBeanRegistry.getSingleton(DefaultSingletonBeanRegistry.java:234)
	at org.springframework.beans.factory.support.AbstractBeanFactory.doGetBean(AbstractBeanFactory.java:324)
	at org.springframework.beans.factory.support.AbstractBeanFactory.getBean(AbstractBeanFactory.java:200)
	at org.springframework.beans.factory.config.DependencyDescriptor.resolveCandidate(DependencyDescriptor.java:254)
	at org.springframework.beans.factory.support.DefaultListableBeanFactory.doResolveDependency(DefaultListableBeanFactory.java:1417)
	at org.springframework.beans.factory.support.DefaultListableBeanFactory.resolveDependency(DefaultListableBeanFactory.java:1337)
	at org.springframework.beans.factory.support.ConstructorResolver.resolveAutowiredArgument(ConstructorResolver.java:888)
	at org.springframework.beans.factory.support.ConstructorResolver.createArgumentArray(ConstructorResolver.java:791)
	... 47 common frames omitted
Caused by: org.springframework.beans.factory.UnsatisfiedDependencyException: Error creating bean with name 'redissonConnectionFactory' defined in class path resource [org/redisson/spring/starter/RedissonAutoConfiguration.class]: Unsatisfied dependency expressed through method 'redissonConnectionFactory' parameter 0: Error creating bean with name 'redisson' defined in class path resource [org/redisson/spring/starter/RedissonAutoConfiguration.class]: Failed to instantiate [org.redisson.api.RedissonClient]: Factory method 'redisson' threw exception with message: Unable to connect to Redis server: 127.0.0.1/127.0.0.1:6379
	at org.springframework.beans.factory.support.ConstructorResolver.createArgumentArray(ConstructorResolver.java:800)
	at org.springframework.beans.factory.support.ConstructorResolver.instantiateUsingFactoryMethod(ConstructorResolver.java:550)
	at org.springframework.beans.factory.support.AbstractAutowireCapableBeanFactory.instantiateUsingFactoryMethod(AbstractAutowireCapableBeanFactory.java:1332)
	at org.springframework.beans.factory.support.AbstractAutowireCapableBeanFactory.createBeanInstance(AbstractAutowireCapableBeanFactory.java:1162)
	at org.springframework.beans.factory.support.AbstractAutowireCapableBeanFactory.doCreateBean(AbstractAutowireCapableBeanFactory.java:560)
	at org.springframework.beans.factory.support.AbstractAutowireCapableBeanFactory.createBean(AbstractAutowireCapableBeanFactory.java:520)
	at org.springframework.beans.factory.support.AbstractBeanFactory.lambda$doGetBean$0(AbstractBeanFactory.java:326)
	at org.springframework.beans.factory.support.DefaultSingletonBeanRegistry.getSingleton(DefaultSingletonBeanRegistry.java:234)
	at org.springframework.beans.factory.support.AbstractBeanFactory.doGetBean(AbstractBeanFactory.java:324)
	at org.springframework.beans.factory.support.AbstractBeanFactory.getBean(AbstractBeanFactory.java:200)
	at org.springframework.beans.factory.config.DependencyDescriptor.resolveCandidate(DependencyDescriptor.java:254)
	at org.springframework.beans.factory.support.DefaultListableBeanFactory.doResolveDependency(DefaultListableBeanFactory.java:1417)
	at org.springframework.beans.factory.support.DefaultListableBeanFactory.resolveDependency(DefaultListableBeanFactory.java:1337)
	at org.springframework.beans.factory.support.ConstructorResolver.resolveAutowiredArgument(ConstructorResolver.java:888)
	at org.springframework.beans.factory.support.ConstructorResolver.createArgumentArray(ConstructorResolver.java:791)
	... 61 common frames omitted
Caused by: org.springframework.beans.factory.BeanCreationException: Error creating bean with name 'redisson' defined in class path resource [org/redisson/spring/starter/RedissonAutoConfiguration.class]: Failed to instantiate [org.redisson.api.RedissonClient]: Factory method 'redisson' threw exception with message: Unable to connect to Redis server: 127.0.0.1/127.0.0.1:6379
	at org.springframework.beans.factory.support.ConstructorResolver.instantiate(ConstructorResolver.java:659)
	at org.springframework.beans.factory.support.ConstructorResolver.instantiateUsingFactoryMethod(ConstructorResolver.java:493)
	at org.springframework.beans.factory.support.AbstractAutowireCapableBeanFactory.instantiateUsingFactoryMethod(AbstractAutowireCapableBeanFactory.java:1332)
	at org.springframework.beans.factory.support.AbstractAutowireCapableBeanFactory.createBeanInstance(AbstractAutowireCapableBeanFactory.java:1162)
	at org.springframework.beans.factory.support.AbstractAutowireCapableBeanFactory.doCreateBean(AbstractAutowireCapableBeanFactory.java:560)
	at org.springframework.beans.factory.support.AbstractAutowireCapableBeanFactory.createBean(AbstractAutowireCapableBeanFactory.java:520)
	at org.springframework.beans.factory.support.AbstractBeanFactory.lambda$doGetBean$0(AbstractBeanFactory.java:326)
	at org.springframework.beans.factory.support.DefaultSingletonBeanRegistry.getSingleton(DefaultSingletonBeanRegistry.java:234)
	at org.springframework.beans.factory.support.AbstractBeanFactory.doGetBean(AbstractBeanFactory.java:324)
	at org.springframework.beans.factory.support.AbstractBeanFactory.getBean(AbstractBeanFactory.java:200)
	at org.springframework.beans.factory.config.DependencyDescriptor.resolveCandidate(DependencyDescriptor.java:254)
	at org.springframework.beans.factory.support.DefaultListableBeanFactory.doResolveDependency(DefaultListableBeanFactory.java:1417)
	at org.springframework.beans.factory.support.DefaultListableBeanFactory.resolveDependency(DefaultListableBeanFactory.java:1337)
	at org.springframework.beans.factory.support.ConstructorResolver.resolveAutowiredArgument(ConstructorResolver.java:888)
	at org.springframework.beans.factory.support.ConstructorResolver.createArgumentArray(ConstructorResolver.java:791)
	... 75 common frames omitted
Caused by: org.springframework.beans.BeanInstantiationException: Failed to instantiate [org.redisson.api.RedissonClient]: Factory method 'redisson' threw exception with message: Unable to connect to Redis server: 127.0.0.1/127.0.0.1:6379
	at org.springframework.beans.factory.support.SimpleInstantiationStrategy.instantiate(SimpleInstantiationStrategy.java:171)
	at org.springframework.beans.factory.support.ConstructorResolver.instantiate(ConstructorResolver.java:655)
	... 89 common frames omitted
Caused by: org.redisson.client.RedisConnectionException: Unable to connect to Redis server: 127.0.0.1/127.0.0.1:6379
	at org.redisson.connection.pool.ConnectionPool.lambda$createConnection$0(ConnectionPool.java:154)
	at java.base/java.util.concurrent.CompletableFuture.uniWhenComplete(CompletableFuture.java:863)
	at java.base/java.util.concurrent.CompletableFuture$UniWhenComplete.tryFire(CompletableFuture.java:841)
	at java.base/java.util.concurrent.CompletableFuture.postComplete(CompletableFuture.java:510)
	at java.base/java.util.concurrent.CompletableFuture.completeExceptionally(CompletableFuture.java:2162)
	at org.redisson.connection.pool.ConnectionPool.promiseFailure(ConnectionPool.java:318)
	at org.redisson.connection.pool.ConnectionPool.lambda$createConnection$6(ConnectionPool.java:277)
	at java.base/java.util.concurrent.CompletableFuture.uniWhenComplete(CompletableFuture.java:863)
	at java.base/java.util.concurrent.CompletableFuture$UniWhenComplete.tryFire(CompletableFuture.java:841)
	at java.base/java.util.concurrent.CompletableFuture.postComplete(CompletableFuture.java:510)
	at java.base/java.util.concurrent.CompletableFuture.completeExceptionally(CompletableFuture.java:2162)
	at org.redisson.client.RedisClient$1$2.run(RedisClient.java:250)
	at io.netty.util.concurrent.AbstractEventExecutor.runTask(AbstractEventExecutor.java:174)
	at io.netty.util.concurrent.AbstractEventExecutor.safeExecute(AbstractEventExecutor.java:167)
	at io.netty.util.concurrent.SingleThreadEventExecutor.runAllTasks(SingleThreadEventExecutor.java:470)
	at io.netty.channel.nio.NioEventLoop.run(NioEventLoop.java:569)
	at io.netty.util.concurrent.SingleThreadEventExecutor$4.run(SingleThreadEventExecutor.java:997)
	at io.netty.util.internal.ThreadExecutorMap$2.run(ThreadExecutorMap.java:74)
	at io.netty.util.concurrent.FastThreadLocalRunnable.run(FastThreadLocalRunnable.java:30)
	at java.base/java.lang.Thread.run(Thread.java:833)
Caused by: java.util.concurrent.CompletionException: io.netty.channel.AbstractChannel$AnnotatedConnectException: Connection refused: no further information: 127.0.0.1/127.0.0.1:6379
	at java.base/java.util.concurrent.CompletableFuture.encodeRelay(CompletableFuture.java:368)
	at java.base/java.util.concurrent.CompletableFuture.completeRelay(CompletableFuture.java:377)
	at java.base/java.util.concurrent.CompletableFuture$UniRelay.tryFire(CompletableFuture.java:1097)
	... 11 common frames omitted
Caused by: io.netty.channel.AbstractChannel$AnnotatedConnectException: Connection refused: no further information: 127.0.0.1/127.0.0.1:6379
Caused by: java.net.ConnectException: Connection refused: no further information
	at java.base/sun.nio.ch.Net.pollConnect(Native Method)
	at java.base/sun.nio.ch.Net.pollConnectNow(Net.java:672)
	at java.base/sun.nio.ch.SocketChannelImpl.finishConnect(SocketChannelImpl.java:946)
	at io.netty.channel.socket.nio.NioSocketChannel.doFinishConnect(NioSocketChannel.java:337)
	at io.netty.channel.nio.AbstractNioChannel$AbstractNioUnsafe.finishConnect(AbstractNioChannel.java:334)
	at io.netty.channel.nio.NioEventLoop.processSelectedKey(NioEventLoop.java:776)
	at io.netty.channel.nio.NioEventLoop.processSelectedKeysOptimized(NioEventLoop.java:724)
	at io.netty.channel.nio.NioEventLoop.processSelectedKeys(NioEventLoop.java:650)
	at io.netty.channel.nio.NioEventLoop.run(NioEventLoop.java:562)
	at io.netty.util.concurrent.SingleThreadEventExecutor$4.run(SingleThreadEventExecutor.java:997)
	at io.netty.util.internal.ThreadExecutorMap$2.run(ThreadExecutorMap.java:74)
	at io.netty.util.concurrent.FastThreadLocalRunnable.run(FastThreadLocalRunnable.java:30)
	at java.base/java.lang.Thread.run(Thread.java:833)
2023-05-21 20:21:10,485 INFO (Version.java:21)- HV000001: Hibernate Validator 8.0.0.Final
2023-05-21 20:21:10,509 INFO (StartupInfoLogger.java:51)- Starting NovelRewriteApplication using Java 17.0.6 with PID 27700 (F:\code_work\java_code\novel_rewrite\target\classes started by 27157 in F:\code_work\java_code\novel_rewrite)
2023-05-21 20:21:10,510 INFO (SpringApplication.java:638)- The following 1 profile is active: "dev"
2023-05-21 20:21:11,637 INFO (RepositoryConfigurationDelegate.java:291)- Multiple Spring Data modules found, entering strict repository configuration mode
2023-05-21 20:21:11,637 INFO (RepositoryConfigurationDelegate.java:138)- Bootstrapping Spring Data Redis repositories in DEFAULT mode.
2023-05-21 20:21:11,679 INFO (RepositoryConfigurationDelegate.java:208)- Finished Spring Data repository scanning in 28 ms. Found 0 Redis repository interfaces.
2023-05-21 20:21:12,247 WARN (Bootstrap.java:68)- UT026010: Buffer pool was not set on WebSocketDeploymentInfo, the default pool will be used
2023-05-21 20:21:12,267 INFO (ServletContextImpl.java:372)- Initializing Spring embedded WebApplicationContext
2023-05-21 20:21:12,267 INFO (ServletWebServerApplicationContext.java:291)- Root WebApplicationContext: initialization completed in 1711 ms
2023-05-21 20:21:13,569 INFO (Version.java:41)- Redisson 3.19.1
2023-05-21 20:21:13,800 INFO (ConnectionPool.java:162)- 1 connections initialized for 127.0.0.1/127.0.0.1:6379
2023-05-21 20:21:13,848 INFO (ConnectionPool.java:162)- 24 connections initialized for 127.0.0.1/127.0.0.1:6379
2023-05-21 20:21:14,622 INFO (DefaultSecurityFilterChain.java:54)- Will secure EndpointRequestMatcher includes=[*], excludes=[], includeLinks=true with [org.springframework.security.web.session.DisableEncodeUrlFilter@7c0035dd, org.springframework.security.web.context.request.async.WebAsyncManagerIntegrationFilter@5089a72b, org.springframework.security.web.context.SecurityContextHolderFilter@1e2c0292, org.springframework.security.web.header.HeaderWriterFilter@3b399f5a, org.springframework.security.web.authentication.logout.LogoutFilter@782ed745, org.springframework.security.web.authentication.www.BasicAuthenticationFilter@4efa7d2f, org.springframework.security.web.savedrequest.RequestCacheAwareFilter@69ae7632, org.springframework.security.web.servletapi.SecurityContextHolderAwareRequestFilter@52a3eef8, org.springframework.security.web.authentication.AnonymousAuthenticationFilter@1164990a, org.springframework.security.web.access.ExceptionTranslationFilter@78ab63b5, org.springframework.security.web.access.intercept.AuthorizationFilter@1a48a582]
2023-05-21 20:21:16,270 INFO (EndpointLinksResolver.java:58)- Exposing 14 endpoint(s) beneath base path '/actuator'
2023-05-21 20:21:16,350 WARN (LocalVariableTableParameterNameDiscoverer.java:123)- Using deprecated '-debug' fallback for parameter name resolution. Compile the affected code with '-parameters' instead or avoid its introspection: org.springframework.amqp.rabbit.core.RabbitAdmin
2023-05-21 20:21:16,375 INFO (Undertow.java:120)- starting server: Undertow - 2.3.6.Final
2023-05-21 20:21:16,380 INFO (Xnio.java:95)- XNIO version 3.8.8.Final
2023-05-21 20:21:16,384 INFO (NioXnio.java:58)- XNIO NIO Implementation Version 3.8.8.Final
2023-05-21 20:21:16,462 INFO (Version.java:55)- JBoss Threads version 3.5.0.Final
2023-05-21 20:21:16,617 INFO (UndertowWebServer.java:121)- Undertow started on port(s) 8888 (http)
2023-05-21 20:21:16,647 INFO (StartupInfoLogger.java:57)- Started NovelRewriteApplication in 6.745 seconds (process running for 7.419)
2023-05-21 20:21:16,647 INFO (NovelRewriteApplication.java:40)- 加载了如下缓存管理器：
2023-05-21 20:21:16,647 INFO (NovelRewriteApplication.java:42)- caffeineCacheManager:org.springframework.cache.support.SimpleCacheManager
2023-05-21 20:21:16,647 INFO (NovelRewriteApplication.java:43)- 缓存：[homeBookCache, latestNewsCache, bookNewestRankCache, bookUpdateRankCache, bookCategoryListCache, bookInfoCache, bookChapterCache, lastUpdateBookIdListCache]
2023-05-21 20:21:16,647 INFO (NovelRewriteApplication.java:42)- redisCacheManager:org.springframework.data.redis.cache.RedisCacheManager
2023-05-21 20:21:16,647 INFO (NovelRewriteApplication.java:43)- 缓存：[bookVisitRankCache, homeFriendLinkCache, bookContentCache, userInfoCache, authorInfoCache]
2023-05-21 20:21:17,107 INFO (HikariDataSource.java:110)- HikariPool-1 - Starting...
2023-05-21 20:21:17,344 INFO (HikariPool.java:565)- HikariPool-1 - Added connection com.mysql.cj.jdbc.ConnectionImpl@770fe39c
2023-05-21 20:21:17,385 INFO (HikariDataSource.java:123)- HikariPool-1 - Start completed.
2023-05-21 20:21:41,028 INFO (ServletContextImpl.java:372)- Initializing Spring DispatcherServlet 'dispatcherServlet'
2023-05-21 20:21:41,029 INFO (FrameworkServlet.java:532)- Initializing Servlet 'dispatcherServlet'
2023-05-21 20:21:41,031 INFO (FrameworkServlet.java:554)- Completed initialization in 2 ms
2023-05-21 20:21:41,857 WARN (LocalVariableTableParameterNameDiscoverer.java:123)- Using deprecated '-debug' fallback for parameter name resolution. Compile the affected code with '-parameters' instead or avoid its introspection: io.github.yeyuhl.novel.controller.front.UserController
2023-05-21 20:21:41,999 WARN (LocalVariableTableParameterNameDiscoverer.java:123)- Using deprecated '-debug' fallback for parameter name resolution. Compile the affected code with '-parameters' instead or avoid its introspection: io.github.yeyuhl.novel.controller.author.AuthorController
2023-05-21 20:21:42,047 WARN (LocalVariableTableParameterNameDiscoverer.java:123)- Using deprecated '-debug' fallback for parameter name resolution. Compile the affected code with '-parameters' instead or avoid its introspection: io.github.yeyuhl.novel.controller.front.ResourceController
2023-05-21 20:21:42,052 WARN (LocalVariableTableParameterNameDiscoverer.java:123)- Using deprecated '-debug' fallback for parameter name resolution. Compile the affected code with '-parameters' instead or avoid its introspection: io.github.yeyuhl.novel.controller.front.BookController
2023-05-21 20:21:42,128 WARN (LocalVariableTableParameterNameDiscoverer.java:123)- Using deprecated '-debug' fallback for parameter name resolution. Compile the affected code with '-parameters' instead or avoid its introspection: io.github.yeyuhl.novel.controller.front.SearchController
2023-05-21 20:21:42,169 WARN (LocalVariableTableParameterNameDiscoverer.java:123)- Using deprecated '-debug' fallback for parameter name resolution. Compile the affected code with '-parameters' instead or avoid its introspection: io.github.yeyuhl.novel.controller.front.NewsController
2023-05-21 20:21:42,180 WARN (LocalVariableTableParameterNameDiscoverer.java:123)- Using deprecated '-debug' fallback for parameter name resolution. Compile the affected code with '-parameters' instead or avoid its introspection: io.github.yeyuhl.novel.controller.front.HomeController
2023-05-21 20:21:42,294 INFO (AbstractOpenApiResource.java:401)- Init duration for springdoc-openapi is: 486 ms
2023-05-21 20:24:51,478 INFO (Undertow.java:259)- stopping server: Undertow - 2.3.6.Final
2023-05-21 20:24:51,483 INFO (ServletContextImpl.java:372)- Destroying Spring FrameworkServlet 'dispatcherServlet'
2023-05-21 20:24:51,649 INFO (HikariDataSource.java:350)- HikariPool-1 - Shutdown initiated...
2023-05-21 20:24:51,658 INFO (HikariDataSource.java:352)- HikariPool-1 - Shutdown completed.
